<?xml version="1.0" encoding="UTF-8"?>
<testsuite xmlns:xsi="http://www.w3.org/2001/XMLSchema-instance" xsi:noNamespaceSchemaLocation="https://maven.apache.org/surefire/maven-surefire-plugin/xsd/surefire-test-report.xsd" name="com.kischuk.springboot.StreamLambdaHandlerTest" time="7.029" tests="2" errors="0" skipped="0" failures="0">
  <properties>
[...]
</properties>
  <testcase name="ping_streamRequest_respondsWithHello" classname="com.kischuk.springboot.StreamLambdaHandlerTest" time="2.07"/>
  <testcase name="invalidResource_streamRequest_responds404" classname="com.kischuk.springboot.StreamLambdaHandlerTest" time="0.006"/>
</testsuite>